[ 2024-06-14 13:43:24,270 ] 24 root - INFO - Entered the Data Ingestion Method
[ 2024-06-14 13:43:24,506 ] 29 root - INFO - Successfully Read the Dataset as Dataframe
[ 2024-06-14 13:43:24,623 ] 35 root - INFO - Train Test Split Initiated
[ 2024-06-14 13:43:24,708 ] 42 root - INFO - Ingestion of the Data is Completed
[ 2024-06-14 13:43:25,225 ] 29 root - INFO - Features with missing values: []
[ 2024-06-14 13:43:25,231 ] 43 root - INFO - Float features: ["Science-exam '"]
[ 2024-06-14 13:43:25,606 ] 57 root - INFO - Numerical features: ['Age as of Academic Year 17/18', 'Math-exam', "Science-exam '", "English-exam '", "Math19-1 '", "Science19-1 '", "English19-1 '", "Math19-2 '", "Science19-2 '", "English19-2 '", "Math19-3 '", "Science19-3 '", "English19-3 '", "Math20-1 '", "Science20-1 '", "English20-1 '", "Math20-2 '", "Science20-2 '", "English20-2 '", "Math20-3 '", "Science20-3 '", "English20-3 '"]
[ 2024-06-14 13:43:25,616 ] 58 root - INFO -     Age as of Academic Year 17/18  Math-exam  Science-exam '  English-exam '  Math19-1 '  ...  Science20-2 '  English20-2 '  Math20-3 '  Science20-3 '  English20-3 '
Id                                                                                        ...                                                                        
0                               4       77.0            98.0            89.0        90.0  ...           85.0           84.0        89.0           83.0           85.0
1                               4       53.0            54.0            52.0        82.0  ...           93.0           86.0        99.0           94.0           99.0
2                               4       71.0            86.0            73.0        68.0  ...           70.0           78.0        83.0           84.0           85.0
3                               4       85.0            67.0            75.0        70.0  ...           94.0           76.0        73.0           94.0           82.0
4                               4       62.0            64.0            74.0        83.0  ...           97.0           87.0        93.0           95.0           83.0

[5 rows x 22 columns]
[ 2024-06-14 13:43:25,685 ] 61 root - INFO - Categorical features: ['Gender', 'Current Year (17/18)', 'Proposed Year/Grade (18/19)', 'Year of Admission ', 'Previous Curriculum (17/18)2', 'Current School ', 'Current Curriculum ', 'Previous year/Grade ']
[ 2024-06-14 13:43:25,685 ] 62 root - INFO -     Gender Current Year (17/18) Proposed Year/Grade (18/19)  ... Current School  Current Curriculum  Previous year/Grade 
Id                                                           ...                                                         
0     Male                  KG1                         KG2  ...        School 1           American          Grade System
1     Male                  KG1                         KG2  ...        School 1           American          Grade System
2     Male                  KG1                         KG2  ...        School 1           American          Grade System
3     Male                  KG1                         KG2  ...        School 1           American          Grade System
4   Female                  KG1                         KG2  ...        School 1           American          Grade System

[5 rows x 8 columns]
[ 2024-06-14 13:43:25,708 ] 66 root - INFO - Numerical features with NaN: []
[ 2024-06-14 13:43:25,708 ] 70 root - INFO - Series([], dtype: float64)
[ 2024-06-14 13:43:25,708 ] 72 root - INFO - Data preparation completed.
[ 2024-06-14 13:43:25,722 ] 93 root - INFO - Preparation object saved at: artifacts\preparation.pkl
[ 2024-06-14 13:43:25,737 ] 26 root - INFO - Read the train and test data completed
[ 2024-06-14 13:43:25,737 ] 29 root - INFO - Separating Grades
[ 2024-06-14 13:43:25,743 ] 36 root - INFO - Exam features: ['Math-exam', "Science-exam '", "English-exam '", "Math19-1 '", "Science19-1 '", "English19-1 '", "Math19-2 '", "Science19-2 '", "English19-2 '", "Math19-3 '", "Science19-3 '", "English19-3 '", "Math20-1 '", "Science20-1 '", "English20-1 '", "Math20-2 '", "Science20-2 '", "English20-2 '", "Math20-3 '", "Science20-3 '", "English20-3 '"]
[ 2024-06-14 13:43:25,744 ] 41 root - INFO - New data features: ['Math-exam', "Science-exam '", "English-exam '", "Math19-1 '", "Science19-1 '", "English19-1 '", "Math19-2 '", "Science19-2 '", "English19-2 '", "Math19-3 '", "Science19-3 '", "English19-3 '", "Math20-1 '", "Science20-1 '", "English20-1 '", "Math20-2 '", "Science20-2 '", "English20-2 '", "Math20-3 '", "Science20-3 '", "English20-3 '", 'Grade']
[ 2024-06-14 13:43:25,746 ] 50 root - INFO - Math features: ['Math-exam', "Math19-1 '", "Math19-2 '", "Math19-3 '", "Math20-1 '", "Math20-2 '", "Math20-3 '"]
[ 2024-06-14 13:43:25,747 ] 54 root - INFO - Science features: ["Science-exam '", "Science19-1 '", "Science19-2 '", "Science19-3 '", "Science20-1 '", "Science20-2 '", "Science20-3 '"]
[ 2024-06-14 13:43:25,747 ] 58 root - INFO - English features: ["English-exam '", "English19-1 '", "English19-2 '", "English19-3 '", "English20-1 '", "English20-2 '", "English20-3 '"]
[ 2024-06-14 13:43:25,748 ] 61 root - INFO - Train data shape before reshaping: (56, 22)
[ 2024-06-14 13:43:25,748 ] 62 root - INFO - Test data shape before reshaping: (15, 22)
[ 2024-06-14 13:43:25,748 ] 63 root - INFO - New data shape before reshaping: (71, 22)
[ 2024-06-14 13:43:25,760 ] 74 root - INFO - Train data reshaped shape: (56, 22)
[ 2024-06-14 13:43:25,760 ] 75 root - INFO - Test data reshaped shape: (15, 22)
[ 2024-06-14 13:43:25,760 ] 76 root - INFO - New data reshaped shape: (71, 22)
[ 2024-06-14 13:43:25,761 ] 77 root - INFO - New data features: ['Math-exam', "Science-exam '", "English-exam '", "Math19-1 '", "Science19-1 '", "English19-1 '", "Math19-2 '", "Science19-2 '", "English19-2 '", "Math19-3 '", "Science19-3 '", "English19-3 '", "Math20-1 '", "Science20-1 '", "English20-1 '", "Math20-2 '", "Science20-2 '", "English20-2 '", "Math20-3 '", "Science20-3 '", "English20-3 '", 'Grade']
[ 2024-06-14 13:43:25,769 ] 87 root - INFO - Data transformation completed.
[ 2024-06-14 13:43:25,770 ] 100 root - INFO - Transformation object saved at: artifacts\transformed_data.pkl
[ 2024-06-14 13:43:25,771 ] 105 root - INFO - Model Training has been initiated
[ 2024-06-14 13:43:25,771 ] 107 root - INFO - train_data_reshaped shape: (56, 22)
[ 2024-06-14 13:43:25,772 ] 108 root - INFO - test_data_reshaped shape: (15, 22)
[ 2024-06-14 13:43:25,772 ] 109 root - INFO - new_data_reshaped shape: (71, 22)
[ 2024-06-14 13:43:25,772 ] 110 root - INFO - feature_all: ['Math-exam', "Science-exam '", "English-exam '", "Math19-1 '", "Science19-1 '", "English19-1 '", "Math19-2 '", "Science19-2 '", "English19-2 '", "Math19-3 '", "Science19-3 '", "English19-3 '", "Math20-1 '", "Science20-1 '", "English20-1 '", "Math20-2 '", "Science20-2 '", "English20-2 '", "Math20-3 '", "Science20-3 '", "English20-3 '", 'Grade']
[ 2024-06-14 13:43:26,233 ] 84 root - INFO - Evaluation completed.
[ 2024-06-14 13:43:26,249 ] 84 root - INFO - Evaluation completed.
[ 2024-06-14 13:43:26,309 ] 84 root - INFO - Evaluation completed.
[ 2024-06-14 13:43:26,309 ] 38 root - INFO - Data scaling completed.
[ 2024-06-14 13:43:26,440 ] 48 root - INFO - Model training completed.
[ 2024-06-14 13:43:26,440 ] 48 root - INFO - Model training completed.
[ 2024-06-14 13:43:26,451 ] 92 root - INFO - Model saved successfully.
[ 2024-06-14 13:43:26,454 ] 140 root - INFO - Model training and evaluation completed.
