[ 2024-06-26 13:06:33,768 ] 25 root - INFO - Successfully Read the Raw data
[ 2024-06-26 13:06:33,768 ] 29 root - INFO - Features with missing values: []
[ 2024-06-26 13:06:33,768 ] 43 root - INFO - Float features: ['Science-exam']
[ 2024-06-26 13:06:33,768 ] 48 root - INFO - Successfully Completed Finding and Replacing of Missing Values
[ 2024-06-26 13:06:33,784 ] 57 root - INFO - Successfully Converted Datatypes of Columns to float
[ 2024-06-26 13:06:33,796 ] 61 root - INFO - Numerical features: ['Age as of Academic Year 17/18', 'Math-exam', 'Science-exam', 'English-exam', 'Math19-1', 'Science19-1', 'English19-1', 'Math19-2', 'Science19-2', 'English19-2', 'Math19-3', 'Science19-3', 'English19-3', 'Math20-1', 'Science20-1', 'English20-1', 'Math20-2', 'Science20-2', 'English20-2', 'Math20-3', 'Science20-3', 'English20-3', 'Id']
[ 2024-06-26 13:06:33,798 ] 62 root - INFO -    Age as of Academic Year 17/18  Math-exam  Science-exam  English-exam  Math19-1  Science19-1  ...  Science20-2  English20-2  Math20-3  Science20-3  English20-3  Id
0                              4       81.0          59.0          65.0      88.0         82.0  ...         98.0         84.0      80.0         98.0         81.0   0
1                              4       66.0          89.0          67.0      76.0         82.0  ...         96.0         70.0      82.0         71.0         99.0   1
2                              4       90.0          55.0          87.0      81.0         69.0  ...         84.0         74.0      91.0         85.0         86.0   2
3                              4       84.0          73.0          83.0      52.0         62.0  ...         99.0         75.0      73.0         84.0         85.0   3
4                              3       85.0          52.0          69.0      52.0         77.0  ...         82.0         75.0      82.0         86.0         69.0   4

[5 rows x 23 columns]
[ 2024-06-26 13:06:33,845 ] 65 root - INFO - Categorical features: ['Gender', 'Current Year (17/18)', 'Proposed Year/Grade (18/19)', 'Year of Admission ', 'Previous Curriculum (17/18)2', 'Current School ', 'Current Curriculum ', 'Previous year/Grade ']
[ 2024-06-26 13:06:33,845 ] 66 root - INFO -    Gender Current Year (17/18) Proposed Year/Grade (18/19)  ... Current School  Current Curriculum  Previous year/Grade 
0    Male                  KG1                         KG2  ...        School 1           American          Grade System
1    Male                  KG1                         KG2  ...        School 1           American          Grade System
2    Male                  KG1                         KG2  ...        School 1           American          Grade System
3  Female                  KG1                         KG2  ...        School 1           American          Grade System
4    Male                  KG1                         KG2  ...        School 1           American          Grade System

[5 rows x 8 columns]
[ 2024-06-26 13:06:33,877 ] 71 root - INFO - Numerical features with NaN: []
[ 2024-06-26 13:06:33,878 ] 75 root - INFO - Series([], dtype: float64)
[ 2024-06-26 13:06:33,879 ] 77 root - INFO - Data preparation completed.
[ 2024-06-26 13:06:33,880 ] 89 root - INFO - Preparation object saved at: artifacts\preparation.pkl
