[ 2024-06-14 13:06:30,374 ] 25 root - INFO - Entered the Data Ingestion Method
[ 2024-06-14 13:06:30,407 ] 30 root - INFO - Successfully Read the Dataset as Dataframe
[ 2024-06-14 13:06:30,417 ] 36 root - INFO - Train Test Split Initiated
[ 2024-06-14 13:06:30,417 ] 43 root - INFO - Ingestion of the Data is Completed
[ 2024-06-14 13:06:30,514 ] 29 root - INFO - Features with missing values: []
[ 2024-06-14 13:06:30,514 ] 43 root - INFO - Float features: ["Science-exam '"]
[ 2024-06-14 13:06:30,527 ] 57 root - INFO - Numerical features: ['Age as of Academic Year 17/18', 'Math-exam', "Science-exam '", "English-exam '", "Math19-1 '", "Science19-1 '", "English19-1 '", "Math19-2 '", "Science19-2 '", "English19-2 '", "Math19-3 '", "Science19-3 '", "English19-3 '", "Math20-1 '", "Science20-1 '", "English20-1 '", "Math20-2 '", "Science20-2 '", "English20-2 '", "Math20-3 '", "Science20-3 '", "English20-3 '"]
[ 2024-06-14 13:06:30,528 ] 58 root - INFO -     Age as of Academic Year 17/18  Math-exam  Science-exam '  English-exam '  Math19-1 '  ...  Science20-2 '  English20-2 '  Math20-3 '  Science20-3 '  English20-3 '
Id                                                                                        ...                                                                        
0                               4       77.0            98.0            89.0        90.0  ...           85.0           84.0        89.0           83.0           85.0
1                               4       53.0            54.0            52.0        82.0  ...           93.0           86.0        99.0           94.0           99.0
2                               4       71.0            86.0            73.0        68.0  ...           70.0           78.0        83.0           84.0           85.0
3                               4       85.0            67.0            75.0        70.0  ...           94.0           76.0        73.0           94.0           82.0
4                               4       62.0            64.0            74.0        83.0  ...           97.0           87.0        93.0           95.0           83.0

[5 rows x 22 columns]
[ 2024-06-14 13:06:30,565 ] 61 root - INFO - Categorical features: ['Gender', 'Current Year (17/18)', 'Proposed Year/Grade (18/19)', 'Year of Admission ', 'Previous Curriculum (17/18)2', 'Current School ', 'Current Curriculum ', 'Previous year/Grade ']
[ 2024-06-14 13:06:30,565 ] 62 root - INFO -     Gender Current Year (17/18) Proposed Year/Grade (18/19)  ... Current School  Current Curriculum  Previous year/Grade 
Id                                                           ...                                                         
0     Male                  KG1                         KG2  ...        School 1           American          Grade System
1     Male                  KG1                         KG2  ...        School 1           American          Grade System
2     Male                  KG1                         KG2  ...        School 1           American          Grade System
3     Male                  KG1                         KG2  ...        School 1           American          Grade System
4   Female                  KG1                         KG2  ...        School 1           American          Grade System

[5 rows x 8 columns]
[ 2024-06-14 13:06:30,582 ] 66 root - INFO - Numerical features with NaN: []
[ 2024-06-14 13:06:30,582 ] 70 root - INFO - Series([], dtype: float64)
[ 2024-06-14 13:06:30,582 ] 72 root - INFO - Data preparation completed.
[ 2024-06-14 13:06:30,582 ] 93 root - INFO - Preparation object saved at: artifacts\preparation.pkl
