[ 2024-06-16 14:35:56,958 ] 24 root - INFO - Entered the Data Ingestion Method
[ 2024-06-16 14:35:56,991 ] 30 root - INFO - Successfully Read the Dataset as Dataframe
[ 2024-06-16 14:35:56,991 ] 36 root - INFO - Train Test Split Initiated
[ 2024-06-16 14:35:57,009 ] 43 root - INFO - Ingestion of the Data is Completed
[ 2024-06-16 14:35:57,024 ] 27 root - INFO - Features with missing values: []
[ 2024-06-16 14:35:57,024 ] 41 root - INFO - Float features: ["Science-exam '"]
[ 2024-06-16 14:35:57,045 ] 55 root - INFO - Numerical features: ['Age as of Academic Year 17/18', 'Math-exam', "Science-exam '", "English-exam '", "Math19-1 '", "Science19-1 '", "English19-1 '", "Math19-2 '", "Science19-2 '", "English19-2 '", "Math19-3 '", "Science19-3 '", "English19-3 '", "Math20-1 '", "Science20-1 '", "English20-1 '", "Math20-2 '", "Science20-2 '", "English20-2 '", "Math20-3 '", "Science20-3 '", "English20-3 '", 'Id']
[ 2024-06-16 14:35:57,047 ] 56 root - INFO -    Age as of Academic Year 17/18  Math-exam  Science-exam '  English-exam '  Math19-1 '  ...  English20-2 '  Math20-3 '  Science20-3 '  English20-3 '  Id
0                              4       77.0            98.0            89.0        90.0  ...           84.0        89.0           83.0           85.0  30
1                              4       53.0            54.0            52.0        82.0  ...           86.0        99.0           94.0           99.0  59
2                              4       71.0            86.0            73.0        68.0  ...           78.0        83.0           84.0           85.0  35
3                              4       85.0            67.0            75.0        70.0  ...           76.0        73.0           94.0           82.0  58
4                              4       62.0            64.0            74.0        83.0  ...           87.0        93.0           95.0           83.0  42

[5 rows x 23 columns]
[ 2024-06-16 14:35:57,081 ] 59 root - INFO - Categorical features: ['Gender', 'Current Year (17/18)', 'Proposed Year/Grade (18/19)', 'Year of Admission ', 'Previous Curriculum (17/18)2', 'Current School ', 'Current Curriculum ', 'Previous year/Grade ']
[ 2024-06-16 14:35:57,081 ] 60 root - INFO -    Gender Current Year (17/18) Proposed Year/Grade (18/19)  ... Current School  Current Curriculum  Previous year/Grade 
0    Male                  KG1                         KG2  ...        School 1           American          Grade System
1    Male                  KG1                         KG2  ...        School 1           American          Grade System
2    Male                  KG1                         KG2  ...        School 1           American          Grade System
3    Male                  KG1                         KG2  ...        School 1           American          Grade System
4  Female                  KG1                         KG2  ...        School 1           American          Grade System

[5 rows x 8 columns]
[ 2024-06-16 14:35:57,091 ] 64 root - INFO - Numerical features with NaN: []
[ 2024-06-16 14:35:57,091 ] 68 root - INFO - Series([], dtype: float64)
[ 2024-06-16 14:35:57,091 ] 70 root - INFO - Data preparation completed.
[ 2024-06-16 14:35:57,107 ] 91 root - INFO - Preparation object saved at: artifacts\preparation.pkl
[ 2024-06-16 14:35:57,144 ] 26 root - INFO - Read the train and test data completed
[ 2024-06-16 14:35:57,144 ] 29 root - INFO - Separating Grades
[ 2024-06-16 14:35:57,145 ] 36 root - INFO - Exam features: ['Math-exam', "Science-exam '", "English-exam '", "Math19-1 '", "Science19-1 '", "English19-1 '", "Math19-2 '", "Science19-2 '", "English19-2 '", "Math19-3 '", "Science19-3 '", "English19-3 '", "Math20-1 '", "Science20-1 '", "English20-1 '", "Math20-2 '", "Science20-2 '", "English20-2 '", "Math20-3 '", "Science20-3 '", "English20-3 '"]
[ 2024-06-16 14:35:57,146 ] 41 root - INFO - New data features: ['Math-exam', "Science-exam '", "English-exam '", "Math19-1 '", "Science19-1 '", "English19-1 '", "Math19-2 '", "Science19-2 '", "English19-2 '", "Math19-3 '", "Science19-3 '", "English19-3 '", "Math20-1 '", "Science20-1 '", "English20-1 '", "Math20-2 '", "Science20-2 '", "English20-2 '", "Math20-3 '", "Science20-3 '", "English20-3 '", 'Grade', 'Id']
[ 2024-06-16 14:35:57,196 ] 51 root - INFO - Math features: ['Math-exam', "Math19-1 '", "Math19-2 '", "Math19-3 '", "Math20-1 '", "Math20-2 '", "Math20-3 '"]
[ 2024-06-16 14:35:57,196 ] 55 root - INFO - Science features: ["Science-exam '", "Science19-1 '", "Science19-2 '", "Science19-3 '", "Science20-1 '", "Science20-2 '", "Science20-3 '"]
[ 2024-06-16 14:35:57,196 ] 59 root - INFO - English features: ["English-exam '", "English19-1 '", "English19-2 '", "English19-3 '", "English20-1 '", "English20-2 '", "English20-3 '"]
[ 2024-06-16 14:35:57,196 ] 62 root - INFO - Train data shape before reshaping: (56, 23)
[ 2024-06-16 14:35:57,196 ] 63 root - INFO - Test data shape before reshaping: (15, 23)
[ 2024-06-16 14:35:57,196 ] 64 root - INFO - New data shape before reshaping: (71, 23)
[ 2024-06-16 14:35:57,215 ] 75 root - INFO - Train data reshaped shape: (56, 23)
[ 2024-06-16 14:35:57,215 ] 76 root - INFO - Test data reshaped shape: (15, 23)
[ 2024-06-16 14:35:57,215 ] 77 root - INFO - New data reshaped shape: (71, 23)
[ 2024-06-16 14:35:57,215 ] 78 root - INFO - New data features: ['Math-exam', "Science-exam '", "English-exam '", "Math19-1 '", "Science19-1 '", "English19-1 '", "Math19-2 '", "Science19-2 '", "English19-2 '", "Math19-3 '", "Science19-3 '", "English19-3 '", "Math20-1 '", "Science20-1 '", "English20-1 '", "Math20-2 '", "Science20-2 '", "English20-2 '", "Math20-3 '", "Science20-3 '", "English20-3 '", 'Grade', 'Id']
[ 2024-06-16 14:35:57,225 ] 88 root - INFO - Data transformation completed.
[ 2024-06-16 14:35:57,225 ] 101 root - INFO - Transformation object saved at: artifacts\transformed_data.pkl
[ 2024-06-16 14:35:57,225 ] 105 root - INFO - Model Training has been initiated
[ 2024-06-16 14:35:57,225 ] 107 root - INFO - train_data_reshaped shape: (56, 23)
[ 2024-06-16 14:35:57,225 ] 108 root - INFO - test_data_reshaped shape: (15, 23)
[ 2024-06-16 14:35:57,225 ] 109 root - INFO - new_data_reshaped shape: (71, 23)
[ 2024-06-16 14:35:57,225 ] 110 root - INFO - feature_all: ['Math-exam', "Science-exam '", "English-exam '", "Math19-1 '", "Science19-1 '", "English19-1 '", "Math19-2 '", "Science19-2 '", "English19-2 '", "Math19-3 '", "Science19-3 '", "English19-3 '", "Math20-1 '", "Science20-1 '", "English20-1 '", "Math20-2 '", "Science20-2 '", "English20-2 '", "Math20-3 '", "Science20-3 '", "English20-3 '", 'Grade', 'Id']
[ 2024-06-16 14:35:57,294 ] 84 root - INFO - Evaluation completed.
[ 2024-06-16 14:35:57,310 ] 84 root - INFO - Evaluation completed.
[ 2024-06-16 14:35:57,368 ] 84 root - INFO - Evaluation completed.
[ 2024-06-16 14:35:57,368 ] 38 root - INFO - Data scaling completed.
[ 2024-06-16 14:35:57,368 ] 48 root - INFO - Model training completed.
[ 2024-06-16 14:35:57,368 ] 48 root - INFO - Model training completed.
[ 2024-06-16 14:35:57,368 ] 92 root - INFO - Model saved successfully.
[ 2024-06-16 14:35:57,384 ] 140 root - INFO - Model training and evaluation completed.
