[ 2024-06-14 14:05:42,737 ] 24 root - INFO - Entered the Data Ingestion Method
[ 2024-06-14 14:05:42,752 ] 30 root - INFO - Successfully Read the Dataset as Dataframe
[ 2024-06-14 14:05:42,760 ] 36 root - INFO - Train Test Split Initiated
[ 2024-06-14 14:05:42,766 ] 43 root - INFO - Ingestion of the Data is Completed
[ 2024-06-14 14:05:42,780 ] 27 root - INFO - Features with missing values: []
[ 2024-06-14 14:05:42,780 ] 41 root - INFO - Float features: []
[ 2024-06-14 14:05:42,894 ] 55 root - INFO - Numerical features: ['Age as of Academic Year 17/18', 'Math-exam', "Science-exam '", "English-exam '", "Math19-1 '", "Science19-1 '", "English19-1 '", "Math19-2 '", "Science19-2 '", "English19-2 '", "Math19-3 '", "Science19-3 '", "English19-3 '", "Math20-1 '", "Science20-1 '", "English20-1 '", "Math20-2 '", "Science20-2 '", "English20-2 '", "Math20-3 '", "Science20-3 '", "English20-3 '", 'Id']
[ 2024-06-14 14:05:42,895 ] 56 root - INFO -    Age as of Academic Year 17/18  Math-exam  Science-exam '  English-exam '  Math19-1 '  ...  English20-2 '  Math20-3 '  Science20-3 '  English20-3 '  Id
0                             14       71.0              88            51.0        57.0  ...           73.0        74.0           87.0           84.0  72
1                             13       84.0              88            91.0        82.0  ...           72.0        76.0           97.0           86.0  61
2                             15       89.0              59            62.0        84.0  ...           80.0        88.0           97.0           78.0  73
3                             14       58.0              63            74.0        81.0  ...           73.0        88.0           96.0           79.0  65
4                             15       52.0              83            91.0        68.0  ...           91.0        97.0           83.0           85.0  62

[5 rows x 23 columns]
[ 2024-06-14 14:05:42,974 ] 59 root - INFO - Categorical features: ['Gender', 'Current Year (17/18)', 'Proposed Year/Grade (18/19)', 'Year of Admission ', 'Previous Curriculum (17/18)2', 'Current School ', 'Current Curriculum ', 'Previous year/Grade ']
[ 2024-06-14 14:05:42,974 ] 60 root - INFO -    Gender Current Year (17/18) Proposed Year/Grade (18/19)  ... Current School  Current Curriculum  Previous year/Grade 
0    Male              Grade 9                    Grade 10  ...        School 1           American          Grade System
1  Female              Grade 9                    Grade 10  ...        School 1           American          Grade System
2  Female              Grade 9                    Grade 10  ...        School 1           American          Grade System
3  Female              Grade 9                    Grade 10  ...        School 1           American          Grade System
4  Female              Grade 9                    Grade 10  ...        School 1           American          Grade System

[5 rows x 8 columns]
[ 2024-06-14 14:05:42,995 ] 64 root - INFO - Numerical features with NaN: []
[ 2024-06-14 14:05:42,995 ] 68 root - INFO - Series([], dtype: float64)
[ 2024-06-14 14:05:42,997 ] 70 root - INFO - Data preparation completed.
[ 2024-06-14 14:05:43,129 ] 91 root - INFO - Preparation object saved at: artifacts\preparation.pkl
[ 2024-06-14 14:05:43,164 ] 26 root - INFO - Read the train and test data completed
[ 2024-06-14 14:05:43,165 ] 29 root - INFO - Separating Grades
[ 2024-06-14 14:05:43,167 ] 36 root - INFO - Exam features: ['Math-exam', "Science-exam '", "English-exam '", "Math19-1 '", "Science19-1 '", "English19-1 '", "Math19-2 '", "Science19-2 '", "English19-2 '", "Math19-3 '", "Science19-3 '", "English19-3 '", "Math20-1 '", "Science20-1 '", "English20-1 '", "Math20-2 '", "Science20-2 '", "English20-2 '", "Math20-3 '", "Science20-3 '", "English20-3 '"]
[ 2024-06-14 14:05:43,169 ] 41 root - INFO - New data features: ['Math-exam', "Science-exam '", "English-exam '", "Math19-1 '", "Science19-1 '", "English19-1 '", "Math19-2 '", "Science19-2 '", "English19-2 '", "Math19-3 '", "Science19-3 '", "English19-3 '", "Math20-1 '", "Science20-1 '", "English20-1 '", "Math20-2 '", "Science20-2 '", "English20-2 '", "Math20-3 '", "Science20-3 '", "English20-3 '", 'Grade', 'Id']
[ 2024-06-14 14:05:43,172 ] 50 root - INFO - Math features: ['Math-exam', "Math19-1 '", "Math19-2 '", "Math19-3 '", "Math20-1 '", "Math20-2 '", "Math20-3 '"]
[ 2024-06-14 14:05:43,175 ] 54 root - INFO - Science features: ["Science-exam '", "Science19-1 '", "Science19-2 '", "Science19-3 '", "Science20-1 '", "Science20-2 '", "Science20-3 '"]
[ 2024-06-14 14:05:43,176 ] 58 root - INFO - English features: ["English-exam '", "English19-1 '", "English19-2 '", "English19-3 '", "English20-1 '", "English20-2 '", "English20-3 '"]
[ 2024-06-14 14:05:43,176 ] 61 root - INFO - Train data shape before reshaping: (18, 23)
[ 2024-06-14 14:05:43,176 ] 62 root - INFO - Test data shape before reshaping: (5, 23)
[ 2024-06-14 14:05:43,176 ] 63 root - INFO - New data shape before reshaping: (23, 23)
[ 2024-06-14 14:05:43,184 ] 74 root - INFO - Train data reshaped shape: (18, 23)
[ 2024-06-14 14:05:43,184 ] 75 root - INFO - Test data reshaped shape: (5, 23)
[ 2024-06-14 14:05:43,184 ] 76 root - INFO - New data reshaped shape: (23, 23)
[ 2024-06-14 14:05:43,184 ] 77 root - INFO - New data features: ['Math-exam', "Science-exam '", "English-exam '", "Math19-1 '", "Science19-1 '", "English19-1 '", "Math19-2 '", "Science19-2 '", "English19-2 '", "Math19-3 '", "Science19-3 '", "English19-3 '", "Math20-1 '", "Science20-1 '", "English20-1 '", "Math20-2 '", "Science20-2 '", "English20-2 '", "Math20-3 '", "Science20-3 '", "English20-3 '", 'Grade', 'Id']
[ 2024-06-14 14:05:43,194 ] 87 root - INFO - Data transformation completed.
[ 2024-06-14 14:05:43,195 ] 100 root - INFO - Transformation object saved at: artifacts\transformed_data.pkl
[ 2024-06-14 14:05:43,195 ] 105 root - INFO - Model Training has been initiated
[ 2024-06-14 14:05:43,195 ] 107 root - INFO - train_data_reshaped shape: (18, 23)
[ 2024-06-14 14:05:43,195 ] 108 root - INFO - test_data_reshaped shape: (5, 23)
[ 2024-06-14 14:05:43,195 ] 109 root - INFO - new_data_reshaped shape: (23, 23)
[ 2024-06-14 14:05:43,196 ] 110 root - INFO - feature_all: ['Math-exam', "Science-exam '", "English-exam '", "Math19-1 '", "Science19-1 '", "English19-1 '", "Math19-2 '", "Science19-2 '", "English19-2 '", "Math19-3 '", "Science19-3 '", "English19-3 '", "Math20-1 '", "Science20-1 '", "English20-1 '", "Math20-2 '", "Science20-2 '", "English20-2 '", "Math20-3 '", "Science20-3 '", "English20-3 '", 'Grade', 'Id']
[ 2024-06-14 14:05:43,211 ] 84 root - INFO - Evaluation completed.
[ 2024-06-14 14:05:43,221 ] 84 root - INFO - Evaluation completed.
[ 2024-06-14 14:05:43,245 ] 84 root - INFO - Evaluation completed.
[ 2024-06-14 14:05:43,245 ] 38 root - INFO - Data scaling completed.
[ 2024-06-14 14:05:43,245 ] 48 root - INFO - Model training completed.
[ 2024-06-14 14:05:43,245 ] 48 root - INFO - Model training completed.
[ 2024-06-14 14:05:43,245 ] 92 root - INFO - Model saved successfully.
[ 2024-06-14 14:05:43,253 ] 140 root - INFO - Model training and evaluation completed.
