[ 2024-06-13 17:26:01,850 ] 25 root - INFO - Entered the Data Ingestion Method
[ 2024-06-13 17:26:02,078 ] 29 root - INFO - Successfully Read the Dataset as Dataframe
[ 2024-06-13 17:26:02,183 ] 35 root - INFO - Train Test Split Initiated
[ 2024-06-13 17:26:02,537 ] 42 root - INFO - Ingestion of the Data is Completed
[ 2024-06-13 17:26:02,638 ] 29 root - INFO - Features with missing values: []
[ 2024-06-13 17:26:02,638 ] 43 root - INFO - Float features: ["Science-exam '"]
[ 2024-06-13 17:26:02,871 ] 57 root - INFO - Numerical features: ['Age as of Academic Year 17/18', 'Math-exam', "Science-exam '", "English-exam '", "Math19-1 '", "Science19-1 '", "English19-1 '", "Math19-2 '", "Science19-2 '", "English19-2 '", "Math19-3 '", "Science19-3 '", "English19-3 '", "Math20-1 '", "Science20-1 '", "English20-1 '", "Math20-2 '", "Science20-2 '", "English20-2 '", "Math20-3 '", "Science20-3 '", "English20-3 '"]
[ 2024-06-13 17:26:02,920 ] 58 root - INFO -     Age as of Academic Year 17/18  Math-exam  Science-exam '  English-exam '  Math19-1 '  ...  Science20-2 '  English20-2 '  Math20-3 '  Science20-3 '  English20-3 '
Id                                                                                        ...                                                                        
0                               9       67.5            72.5            77.5        78.0  ...           89.9           85.6        96.3          100.0          100.0
1                               7       77.5            62.5            80.0        87.6  ...           85.6           88.2        92.2           85.6           69.8
2                               8       87.5            52.5            82.5        91.3  ...           91.3           69.8        64.7           82.6           68.8
3                               5       72.5            87.5            75.0        92.4  ...           68.4           98.6        33.3           61.7           77.7
4                              14       67.5            72.5            77.5       100.0  ...           87.6           90.3        83.3          100.0           89.9

[5 rows x 22 columns]
[ 2024-06-13 17:26:03,050 ] 61 root - INFO - Categorical features: ['Gender', 'Current Year (17/18)', 'Proposed Year/Grade (18/19)', 'Year of Admission ', 'Previous Curriculum (17/18)2', 'Current School ', 'Current Curriculum ', 'Previous year/Grade ']
[ 2024-06-13 17:26:03,050 ] 62 root - INFO -     Gender Current Year (17/18) Proposed Year/Grade (18/19)  ... Current School  Current Curriculum  Previous year/Grade 
Id                                                           ...                                                         
0     Male                   Y5                          Y6  ...        School 2             British          Year System
1   Female                   Y3                          Y4  ...        School 2             British          Year System
2     Male                   Y4                          Y5  ...        School 2             British          Year System
3   Female                   Y1                          Y2  ...        School 2             British          Year System
4   Female                  Y10                         Y11  ...        School 2             British          Year System

[5 rows x 8 columns]
[ 2024-06-13 17:26:03,095 ] 66 root - INFO - Numerical features with NaN: ["Science-exam '"]
[ 2024-06-13 17:26:03,103 ] 70 root - INFO - Science-exam '    0
dtype: int64
[ 2024-06-13 17:26:03,103 ] 72 root - INFO - Data preparation completed.
[ 2024-06-13 17:26:03,206 ] 93 root - INFO - Preparation object saved at: artifacts\preparation.pkl
[ 2024-06-13 17:26:03,220 ] 25 root - INFO - Read the train and test data completed
[ 2024-06-13 17:26:03,220 ] 28 root - INFO - Separating Grades
[ 2024-06-13 17:26:03,220 ] 34 root - INFO - Exam features: ['Math-exam', "Science-exam '", "English-exam '", "Math19-1 '", "Science19-1 '", "English19-1 '", "Math19-2 '", "Science19-2 '", "English19-2 '", "Math19-3 '", "Science19-3 '", "English19-3 '", "Math20-1 '", "Science20-1 '", "English20-1 '", "Math20-2 '", "Science20-2 '", "English20-2 '", "Math20-3 '", "Science20-3 '", "English20-3 '"]
[ 2024-06-13 17:26:03,220 ] 39 root - INFO - New data features: ['Math-exam', "Science-exam '", "English-exam '", "Math19-1 '", "Science19-1 '", "English19-1 '", "Math19-2 '", "Science19-2 '", "English19-2 '", "Math19-3 '", "Science19-3 '", "English19-3 '", "Math20-1 '", "Science20-1 '", "English20-1 '", "Math20-2 '", "Science20-2 '", "English20-2 '", "Math20-3 '", "Science20-3 '", "English20-3 '", 'Grade']
[ 2024-06-13 17:26:03,220 ] 47 root - INFO - Math features: ['Math-exam', "Math19-1 '", "Math19-2 '", "Math19-3 '", "Math20-1 '", "Math20-2 '", "Math20-3 '"]
[ 2024-06-13 17:26:03,220 ] 51 root - INFO - Science features: ["Science-exam '", "Science19-1 '", "Science19-2 '", "Science19-3 '", "Science20-1 '", "Science20-2 '", "Science20-3 '"]
[ 2024-06-13 17:26:03,232 ] 55 root - INFO - English features: ["English-exam '", "English19-1 '", "English19-2 '", "English19-3 '", "English20-1 '", "English20-2 '", "English20-3 '"]
[ 2024-06-13 17:26:03,234 ] 58 root - INFO - Train data shape before reshaping: (1239, 22)
[ 2024-06-13 17:26:03,234 ] 59 root - INFO - Test data shape before reshaping: (310, 22)
[ 2024-06-13 17:26:03,243 ] 68 root - INFO - Train data reshaped shape: (1239, 22)
[ 2024-06-13 17:26:03,243 ] 69 root - INFO - Test data reshaped shape: (310, 22)
[ 2024-06-13 17:26:03,243 ] 70 root - INFO - New data features: ['Math-exam', "Science-exam '", "English-exam '", "Math19-1 '", "Science19-1 '", "English19-1 '", "Math19-2 '", "Science19-2 '", "English19-2 '", "Math19-3 '", "Science19-3 '", "English19-3 '", "Math20-1 '", "Science20-1 '", "English20-1 '", "Math20-2 '", "Science20-2 '", "English20-2 '", "Math20-3 '", "Science20-3 '", "English20-3 '", 'Grade']
[ 2024-06-13 17:26:03,318 ] 78 root - INFO - Data transformation completed.
[ 2024-06-13 17:26:03,319 ] 91 root - INFO - Transformation object saved at: artifacts\transformed_data.pkl
[ 2024-06-13 17:26:03,320 ] 96 root - INFO - Model Training has been initiated
[ 2024-06-13 17:26:03,320 ] 98 root - INFO - train_data_reshaped shape: (1239, 22)
[ 2024-06-13 17:26:03,320 ] 99 root - INFO - test_data_reshaped shape: (310, 22)
[ 2024-06-13 17:26:03,320 ] 100 root - INFO - feature_all: ['Math-exam', "Science-exam '", "English-exam '", "Math19-1 '", "Science19-1 '", "English19-1 '", "Math19-2 '", "Science19-2 '", "English19-2 '", "Math19-3 '", "Science19-3 '", "English19-3 '", "Math20-1 '", "Science20-1 '", "English20-1 '", "Math20-2 '", "Science20-2 '", "English20-2 '", "Math20-3 '", "Science20-3 '", "English20-3 '", 'Grade']
[ 2024-06-13 17:26:04,733 ] 82 root - INFO - Evaluation completed.
[ 2024-06-13 17:26:05,171 ] 82 root - INFO - Evaluation completed.
[ 2024-06-13 17:26:11,218 ] 36 root - INFO - Data scaling completed.
[ 2024-06-13 17:26:37,439 ] 46 root - INFO - Model training completed.
[ 2024-06-13 17:26:40,242 ] 90 root - INFO - Model saved successfully.
[ 2024-06-13 17:26:40,242 ] 122 root - INFO - Model training and evaluation completed.
