[ 2024-06-26 12:08:45,156 ] 24 root - INFO - Read of raw data completed
[ 2024-06-26 12:08:45,156 ] 27 root - INFO - Separating Grades
[ 2024-06-26 12:08:45,156 ] 34 root - INFO - Exam features: ['Math-exam', 'Science-exam', 'English-exam', 'Math19-1', 'Science19-1', 'English19-1', 'Math19-2', 'Science19-2', 'English19-2', 'Math19-3', 'Science19-3', 'English19-3', 'Math20-1', 'Science20-1', 'English20-1', 'Math20-2', 'Science20-2', 'English20-2', 'Math20-3', 'Science20-3', 'English20-3']
[ 2024-06-26 12:08:45,160 ] 47 root - INFO - Math features: ['Math-exam', 'Math19-1', 'Math19-2', 'Math19-3', 'Math20-1', 'Math20-2', 'Math20-3']
[ 2024-06-26 12:08:45,162 ] 51 root - INFO - Science features: ['Science-exam', 'Science19-1', 'Science19-2', 'Science19-3', 'Science20-1', 'Science20-2', 'Science20-3']
[ 2024-06-26 12:08:45,162 ] 55 root - INFO - English features: ['English-exam', 'English19-1', 'English19-2', 'English19-3', 'English20-1', 'English20-2', 'English20-3']
[ 2024-06-26 12:08:45,163 ] 58 root - INFO - Grouing of similar features is completed
[ 2024-06-26 12:08:45,163 ] 61 root - INFO - Raw data shape before reshaping: (71, 21)
[ 2024-06-26 12:08:45,165 ] 70 root - INFO - Raw data reshaped shape: (71, 21)
[ 2024-06-26 12:08:45,165 ] 71 root - INFO - New Exam feature: ['Math-exam', 'Science-exam', 'English-exam', 'Math19-1', 'Science19-1', 'English19-1', 'Math19-2', 'Science19-2', 'English19-2', 'Math19-3', 'Science19-3', 'English19-3', 'Math20-1', 'Science20-1', 'English20-1', 'Math20-2', 'Science20-2', 'English20-2', 'Math20-3', 'Science20-3', 'English20-3']
[ 2024-06-26 12:08:45,177 ] 77 root - INFO - Data transformation completed.
[ 2024-06-26 12:08:45,178 ] 90 root - INFO - Transformation object saved at: artifacts\transformed_data.pkl
[ 2024-06-26 12:08:45,178 ] 117 root - INFO - Model Training has been initiated
[ 2024-06-26 12:08:45,178 ] 119 root - INFO - new_data_reshaped shape: (71, 21)
[ 2024-06-26 12:08:45,178 ] 120 root - INFO - feature_all: ['Math-exam', 'Science-exam', 'English-exam', 'Math19-1', 'Science19-1', 'English19-1', 'Math19-2', 'Science19-2', 'English19-2', 'Math19-3', 'Science19-3', 'English19-3', 'Math20-1', 'Science20-1', 'English20-1', 'Math20-2', 'Science20-2', 'English20-2', 'Math20-3', 'Science20-3', 'English20-3']
[ 2024-06-26 12:08:45,860 ] 96 root - INFO - Evaluation completed.
[ 2024-06-26 12:08:45,862 ] 38 root - INFO - Data scaling completed.
[ 2024-06-26 12:08:46,186 ] 48 root - INFO - Model training completed.
[ 2024-06-26 12:08:46,262 ] 38 root - INFO - Data scaling completed.
[ 2024-06-26 12:08:46,264 ] 48 root - INFO - Model training completed.
[ 2024-06-26 12:08:46,266 ] 38 root - INFO - Data scaling completed.
[ 2024-06-26 12:08:46,269 ] 48 root - INFO - Model training completed.
[ 2024-06-26 12:08:46,269 ] 38 root - INFO - Data scaling completed.
[ 2024-06-26 12:08:46,274 ] 48 root - INFO - Model training completed.
[ 2024-06-26 12:08:46,282 ] 104 root - INFO - Model saved successfully.
[ 2024-06-26 12:08:46,287 ] 167 root - INFO - Model training and evaluation completed.
